2008-12-07 06:05:18
-------------------
(live transaction) --> https://api-3t.paypal.com/nvp
Request Headers: 
Array
(
    [0] => Content-Type: text/namevalue
    [1] => X-VPS-Timeout: 45
    [2] => X-VPS-VIT-Client-Type: PHP/cURL
    [3] => X-VPS-VIT-Integration-Product: PHP::Zen Cart - WPP-NVP
    [4] => X-VPS-VIT-Integration-Version: 1.3.8a
)


Request Parameters: {DoExpressCheckoutPayment} 
Array
(
    [ITEMAMT] => 188.00
    [SHIPPINGAMT] => 0.00
    [AMT] => 188.00
    [L_NUMBER0] => J2204
    [L_QTY0] => 1
    [L_NAME0] => J2204 criss cross layered empire bodice layered skirt mothers Dr
    [L_AMT0] => 188.00
    [L_TAXAMT0] => 0.00
    [BUTTONSOURCE] => ZenCart-EC_us
    [TOKEN] => 
    [PAYERID] => 
    [PAYMENTACTION] => Sale
    [NOTIFYURL] => http://www.pacchina.com/zenlight/ipn_main_handler.php
    [METHOD] => DoExpressCheckoutPayment
    [CURRENCYCODE] => USD
    [USER] => digitalshop365_api1.gmail.com
    [PWD] => ****************
    [VERSION] => 3.2
    [SIGNATURE] => ****************************************************405B
)


Response: 
Array
(
    [TIMESTAMP] => 2008-12-08T01:05:18Z
    [CORRELATIONID] => db9a31633f3f3
    [ACK] => Failure
    [VERSION] => 3.2
    [BUILD] => 767689
    [L_ERRORCODE0] => 10408
    [L_ERRORCODE1] => 10419
    [L_SHORTMESSAGE0] => Express Checkout token is missing.
    [L_SHORTMESSAGE1] => Express Checkout PayerID is missing.
    [L_LONGMESSAGE0] => Express Checkout token is missing.
    [L_LONGMESSAGE1] => Express Checkout PayerID is missing.
    [L_SEVERITYCODE0] => Error
    [L_SEVERITYCODE1] => Error
    [CURL_ERRORS] => 
)


DoExpressCheckoutPayment, Elapsed: 335ms -- Failure

TIMESTAMP=2008%2d12%2d08T01%3a05%3a18Z&CORRELATIONID=db9a31633f3f3&ACK=Failure&VERSION=3%2e2&BUILD=767689&L_ERRORCODE0=10408&L_ERRORCODE1=10419&L_SHORTMESSAGE0=Express%20Checkout%20token%20is%20missing%2e&L_SHORTMESSAGE1=Express%20Checkout%20PayerID%20is%20missing%2e&L_LONGMESSAGE0=Express%20Checkout%20token%20is%20missing%2e&L_LONGMESSAGE1=Express%20Checkout%20PayerID%20is%20missing%2e&L_SEVERITYCODE0=Error&L_SEVERITYCODE1=Error&CURL_ERRORS=

