2008-12-16 06:53:45
-------------------
(live transaction) --> https://api-3t.paypal.com/nvp
Request Headers: 
Array
(
    [0] => Content-Type: text/namevalue
    [1] => X-VPS-Timeout: 45
    [2] => X-VPS-VIT-Client-Type: PHP/cURL
    [3] => X-VPS-VIT-Integration-Product: PHP::Zen Cart - WPP-NVP
    [4] => X-VPS-VIT-Integration-Version: 1.3.8a
)


Request Parameters: {DoExpressCheckoutPayment} 
Array
(
    [ITEMAMT] => 0.90
    [SHIPPINGAMT] => 0.00
    [AMT] => 0.90
    [L_NUMBER0] => J1185
    [L_QTY0] => 1
    [L_NAME0] => J1185 v neck shirred cap sleeves taffeta mothers Dress
    [L_AMT0] => 0.90
    [L_TAXAMT0] => 0.00
    [SHIPTONAME] => Xia Ren
    [SHIPTOSTREET] => No 0207, 43# Lou,
    [SHIPTOSTREET2] => 2 Qu, Liu Pu Kang,
    [SHIPTOCITY] => Xicheng
    [SHIPTOSTATE] => Beijing
    [SHIPTOZIP] => 100011
    [SHIPTOCOUNTRYCODE] => C2
    [BUTTONSOURCE] => ZenCart-EC_us
    [TOKEN] => EC-4MJ6808322588272X
    [PAYERID] => 9UGDKTNPCFLW6
    [PAYMENTACTION] => Sale
    [NOTIFYURL] => http://www.pacchina.com/zentest/zenlight/ipn_main_handler.php
    [METHOD] => DoExpressCheckoutPayment
    [CURRENCYCODE] => USD
    [USER] => coralbridals_api1.gmail.com
    [PWD] => ****************
    [VERSION] => 3.2
    [SIGNATURE] => ****************************************************jQ3V
)


Response: 
Array
(
    [TOKEN] => EC-4MJ6808322588272X
    [TIMESTAMP] => 2008-12-17T01:53:44Z
    [CORRELATIONID] => f1397d19ad4f5
    [ACK] => Success
    [VERSION] => 3.2
    [BUILD] => 779008
    [TRANSACTIONID] => 5RT13076XJ345910U
    [TRANSACTIONTYPE] => cart
    [PAYMENTTYPE] => instant
    [ORDERTIME] => 2008-12-17T01:53:43Z
    [AMT] => 0.90
    [FEEAMT] => 0.33
    [TAXAMT] => 0.00
    [CURRENCYCODE] => USD
    [PAYMENTSTATUS] => Completed
    [PENDINGREASON] => None
    [REASONCODE] => None
    [CURL_ERRORS] => 
)


DoExpressCheckoutPayment, Elapsed: 1813ms -- Success

