2008-09-25 06:38:50
-------------------
(live transaction) --> https://api-3t.paypal.com/nvp
Request Headers: 
Array
(
    [0] => Content-Type: text/namevalue
    [1] => X-VPS-Timeout: 45
    [2] => X-VPS-VIT-Client-Type: PHP/cURL
    [3] => X-VPS-VIT-Integration-Product: PHP::Zen Cart - WPP-NVP
    [4] => X-VPS-VIT-Integration-Version: 1.3.8a
)


Request Parameters: {SetExpressCheckout} 
Array
(
    [LOCALECODE] => US
    [PAYMENTACTION] => Sale
    [EMAIL] => showq@163.com
    [AMT] => 312.44
    [RETURNURL] => http://localhost/lightinthebox/ipn_main_handler.php?type=ec
    [CANCELURL] => http://localhost/lightinthebox/index.php?main_page=checkout_shipping&amp;ec_cancel=1
    [PAGESTYLE] => Primary
    [METHOD] => SetExpressCheckout
    [CURRENCYCODE] => USD
    [VERSION] => 3.2
)


Response: 
Array
(
    [TIMESTAMP] => 2008-09-25T06:38:44Z
    [CORRELATIONID] => 25319edd07
    [ACK] => Failure
    [VERSION] => 3.2
    [BUILD] => 701335
    [L_ERRORCODE0] => 10002
    [L_SHORTMESSAGE0] => Authentication/Authorization Failed
    [L_LONGMESSAGE0] => You do not have permissions to make this API call
    [L_SEVERITYCODE0] => Error
    [CURL_ERRORS] => 
)


SetExpressCheckout, Elapsed: 2598ms -- Failure

TIMESTAMP=2008%2d09%2d25T06%3a38%3a44Z&CORRELATIONID=25319edd07&ACK=Failure&VERSION=3%2e2&BUILD=701335&L_ERRORCODE0=10002&L_SHORTMESSAGE0=Authentication%2fAuthorization%20Failed&L_LONGMESSAGE0=You%20do%20not%20have%20permissions%20to%20make%20this%20API%20call&L_SEVERITYCODE0=Error&CURL_ERRORS=

