2008-12-16 08:26:03
-------------------
(live transaction) --> https://api-3t.paypal.com/nvp
Request Headers: 
Array
(
    [0] => Content-Type: text/namevalue
    [1] => X-VPS-Timeout: 45
    [2] => X-VPS-VIT-Client-Type: PHP/cURL
    [3] => X-VPS-VIT-Integration-Product: PHP::Zen Cart - WPP-NVP
    [4] => X-VPS-VIT-Integration-Version: 1.3.8a
)


Request Parameters: {SetExpressCheckout} 
Array
(
    [LOCALECODE] => US
    [PAYMENTACTION] => Sale
    [ADDROVERRIDE] => 1
    [SHIPTONAME] => test adtest
    [SHIPTOSTREET] => 43lo, fdsl0odf
    [SHIPTOCITY] => New Albany
    [SHIPTOZIP] => 47150
    [SHIPTOSTATE] => IN
    [SHIPTOCOUNTRYCODE] => US
    [EMAIL] => pepelu@tom.com
    [PHONENUM] => 230-430-3433
    [AMT] => 256.32
    [RETURNURL] => http://www.pacchina.com/zentest/zenlight/ipn_main_handler.php?type=ec
    [CANCELURL] => http://www.pacchina.com/zentest/zenlight/index.php?main_page=checkout_shipping&amp;ec_cancel=1
    [PAGESTYLE] => Primary
    [METHOD] => SetExpressCheckout
    [CURRENCYCODE] => USD
    [USER] => coralbridals_api1.gmail.com
    [PWD] => ****************
    [VERSION] => 3.2
    [SIGNATURE] => ****************************************************jQ3V
)


Response: 
Array
(
    [TOKEN] => EC-2Y33689596706081T
    [TIMESTAMP] => 2008-12-17T03:26:02Z
    [CORRELATIONID] => ad71ff76e0d4e
    [ACK] => Success
    [VERSION] => 3.2
    [BUILD] => 779008
    [CURL_ERRORS] => 
)


SetExpressCheckout, Elapsed: 406ms -- Success

