2008-12-09 09:24:51
-------------------
(live transaction) --> https://api-3t.paypal.com/nvp
Request Headers: 
Array
(
    [0] => Content-Type: text/namevalue
    [1] => X-VPS-Timeout: 45
    [2] => X-VPS-VIT-Client-Type: PHP/cURL
    [3] => X-VPS-VIT-Integration-Product: PHP::Zen Cart - WPP-NVP
    [4] => X-VPS-VIT-Integration-Version: 1.3.8a
)


Request Parameters: {SetExpressCheckout} 
Array
(
    [LOCALECODE] => US
    [PAYMENTACTION] => Sale
    [AMT] => 195.00
    [RETURNURL] => http://www.pacchina.com/zentest/zenlight/ipn_main_handler.php?type=ec
    [CANCELURL] => http://www.pacchina.com/zentest/zenlight/index.php?main_page=login&amp;ec_cancel=1
    [PAGESTYLE] => Primary
    [METHOD] => SetExpressCheckout
    [CURRENCYCODE] => USD
    [USER] => digitalshop365_api1.gmail.com
    [PWD] => ****************
    [VERSION] => 3.2
    [SIGNATURE] => ****************************************************405B
)


Response: 
Array
(
    [TOKEN] => EC-9RL192446L6303721
    [TIMESTAMP] => 2008-12-10T04:24:51Z
    [CORRELATIONID] => a5e53b09ff97
    [ACK] => Success
    [VERSION] => 3.2
    [BUILD] => 779008
    [CURL_ERRORS] => 
)


SetExpressCheckout, Elapsed: 378ms -- Success

