2008-12-07 06:54:17
-------------------
(live transaction) --> https://api-3t.paypal.com/nvp
Request Headers: 
Array
(
    [0] => Content-Type: text/namevalue
    [1] => X-VPS-Timeout: 45
    [2] => X-VPS-VIT-Client-Type: PHP/cURL
    [3] => X-VPS-VIT-Integration-Product: PHP::Zen Cart - WPP-NVP
    [4] => X-VPS-VIT-Integration-Version: 1.3.8a
)


Request Parameters: {SetExpressCheckout} 
Array
(
    [LOCALECODE] => US
    [PAYMENTACTION] => Sale
    [EMAIL] => pepelu@tom.com
    [PHONENUM] => 230-430-3433
    [AMT] => 422.00
    [RETURNURL] => http://www.pacchina.com/zenlight/ipn_main_handler.php?type=ec
    [CANCELURL] => http://www.pacchina.com/zenlight/index.php?main_page=checkout_shipping&amp;ec_cancel=1
    [PAGESTYLE] => Primary
    [METHOD] => SetExpressCheckout
    [CURRENCYCODE] => USD
    [USER] => digitalshop365_api1.gmail.com
    [PWD] => ****************
    [VERSION] => 3.2
    [SIGNATURE] => ****************************************************405B
)


Response: 
Array
(
    [TOKEN] => EC-6AV85107VH075773H
    [TIMESTAMP] => 2008-12-07T13:54:17Z
    [CORRELATIONID] => 56e4b36f8b671
    [ACK] => Success
    [VERSION] => 3.2
    [BUILD] => 767689
    [CURL_ERRORS] => 
)


SetExpressCheckout, Elapsed: 498ms -- Success

