2008-08-26 04:41:01
-------------------
(live transaction) --> https://api-3t.paypal.com/nvp
Request Headers: 
Array
(
    [0] => Content-Type: text/namevalue
    [1] => X-VPS-Timeout: 45
    [2] => X-VPS-VIT-Client-Type: PHP/cURL
    [3] => X-VPS-VIT-Integration-Product: PHP::Zen Cart - WPP-NVP
    [4] => X-VPS-VIT-Integration-Version: 1.3.8a
)


Request Parameters: {SetExpressCheckout} 
Array
(
    [LOCALECODE] => US
    [PAYMENTACTION] => Sale
    [ADDROVERRIDE] => 1
    [SHIPTONAME] => ANDY LAU
    [SHIPTOSTREET] => HONGKONG
    [SHIPTOSTREET2] => XIXXI
    [SHIPTOCITY] => XOXOXO
    [SHIPTOZIP] => 123456
    [SHIPTOSTATE] => HONGKONG
    [SHIPTOCOUNTRYCODE] => CN
    [EMAIL] => balan@qq.com
    [PHONENUM] => 13669696969
    [AMT] => 902.50
    [RETURNURL] => http://localhost/lightinthebox/ipn_main_handler.php?type=ec
    [CANCELURL] => http://localhost/lightinthebox/index.php?main_page=checkout_shipping&amp;ec_cancel=1
    [PAGESTYLE] => Primary
    [METHOD] => SetExpressCheckout
    [CURRENCYCODE] => USD
    [VERSION] => 3.2
)


Response: 
Array
(
    [TIMESTAMP] => 2008-08-26T16:40:53Z
    [CORRELATIONID] => a6603bb3b5b50
    [ACK] => Failure
    [VERSION] => 3.2
    [BUILD] => 671339
    [L_ERRORCODE0] => 10002
    [L_SHORTMESSAGE0] => Authentication/Authorization Failed
    [L_LONGMESSAGE0] => You do not have permissions to make this API call
    [L_SEVERITYCODE0] => Error
    [CURL_ERRORS] => 
)


SetExpressCheckout, Elapsed: 2398ms -- Failure

TIMESTAMP=2008%2d08%2d26T16%3a40%3a53Z&CORRELATIONID=a6603bb3b5b50&ACK=Failure&VERSION=3%2e2&BUILD=671339&L_ERRORCODE0=10002&L_SHORTMESSAGE0=Authentication%2fAuthorization%20Failed&L_LONGMESSAGE0=You%20do%20not%20have%20permissions%20to%20make%20this%20API%20call&L_SEVERITYCODE0=Error&CURL_ERRORS=

