2008-12-15 11:23:47
-------------------
(live transaction) --> https://api-3t.paypal.com/nvp
Request Headers: 
Array
(
    [0] => Content-Type: text/namevalue
    [1] => X-VPS-Timeout: 45
    [2] => X-VPS-VIT-Client-Type: PHP/cURL
    [3] => X-VPS-VIT-Integration-Product: PHP::Zen Cart - WPP-NVP
    [4] => X-VPS-VIT-Integration-Version: 1.3.8a
)


Request Parameters: {DoExpressCheckoutPayment} 
Array
(
    [ITEMAMT] => 1.00
    [SHIPPINGAMT] => 0.00
    [AMT] => 1.00
    [L_NUMBER0] => CS1889
    [L_QTY0] => 1
    [L_NAME0] => CS1889 Strapless,tiered,cheap wedding dress,bridal gown,bridal dress,satin
    [L_AMT0] => 1.00
    [L_TAXAMT0] => 0.00
    [SHIPTONAME] => Xia Ren
    [SHIPTOSTREET] => No 0207, 43# Lou,
    [SHIPTOSTREET2] => 2 Qu, Liu Pu Kang,
    [SHIPTOCITY] => Xicheng
    [SHIPTOSTATE] => Beijing
    [SHIPTOZIP] => 100011
    [SHIPTOCOUNTRYCODE] => C2
    [BUTTONSOURCE] => ZenCart-EC_us
    [TOKEN] => EC-8DC22549R6165122R
    [PAYERID] => 9UGDKTNPCFLW6
    [PAYMENTACTION] => Sale
    [NOTIFYURL] => http://www.pacchina.com/zentest/zenlight/ipn_main_handler.php
    [METHOD] => DoExpressCheckoutPayment
    [CURRENCYCODE] => USD
    [USER] => coralbridals_api1.gmail.com
    [PWD] => ****************
    [VERSION] => 3.2
    [SIGNATURE] => ****************************************************jQ3V
)


Response: 
Array
(
    [TOKEN] => EC-8DC22549R6165122R
    [TIMESTAMP] => 2008-12-16T06:23:47Z
    [CORRELATIONID] => b3448310d7b1
    [ACK] => Success
    [VERSION] => 3.2
    [BUILD] => 779008
    [TRANSACTIONID] => 3GX02668E11117634
    [TRANSACTIONTYPE] => cart
    [PAYMENTTYPE] => instant
    [ORDERTIME] => 2008-12-16T06:23:46Z
    [AMT] => 1.00
    [FEEAMT] => 0.33
    [TAXAMT] => 0.00
    [CURRENCYCODE] => USD
    [PAYMENTSTATUS] => Completed
    [PENDINGREASON] => None
    [REASONCODE] => None
    [CURL_ERRORS] => 
)


DoExpressCheckoutPayment, Elapsed: 1198ms -- Success

