2008-08-22 08:33:06
-------------------
(live transaction) --> https://api-3t.paypal.com/nvp
Request Headers: 
Array
(
    [0] => Content-Type: text/namevalue
    [1] => X-VPS-Timeout: 45
    [2] => X-VPS-VIT-Client-Type: PHP/cURL
    [3] => X-VPS-VIT-Integration-Product: PHP::Zen Cart - WPP-NVP
    [4] => X-VPS-VIT-Integration-Version: 1.3.8a
)


Request Parameters: {SetExpressCheckout} 
Array
(
    [LOCALECODE] => US
    [PAYMENTACTION] => Sale
    [NOSHIPPING] => 1
    [EMAIL] => showq@163.com
    [AMT] => 10.00
    [RETURNURL] => https://localhost/lightinthebox/ipn_main_handler.php?type=ec
    [CANCELURL] => https://localhost/lightinthebox/index.php?main_page=checkout_shipping&amp;ec_cancel=1
    [PAGESTYLE] => Primary
    [METHOD] => SetExpressCheckout
    [CURRENCYCODE] => USD
    [VERSION] => 3.2
)


Response: 
Array
(
    [TIMESTAMP] => 2008-08-22T08:32:53Z
    [CORRELATIONID] => dff79428d7d41
    [ACK] => Failure
    [VERSION] => 3.2
    [BUILD] => 671339
    [L_ERRORCODE0] => 10002
    [L_SHORTMESSAGE0] => Authentication/Authorization Failed
    [L_LONGMESSAGE0] => You do not have permissions to make this API call
    [L_SEVERITYCODE0] => Error
    [CURL_ERRORS] => 
)


SetExpressCheckout, Elapsed: 4271ms -- Failure

TIMESTAMP=2008%2d08%2d22T08%3a32%3a53Z&CORRELATIONID=dff79428d7d41&ACK=Failure&VERSION=3%2e2&BUILD=671339&L_ERRORCODE0=10002&L_SHORTMESSAGE0=Authentication%2fAuthorization%20Failed&L_LONGMESSAGE0=You%20do%20not%20have%20permissions%20to%20make%20this%20API%20call&L_SEVERITYCODE0=Error&CURL_ERRORS=

